0 info it worked if it ends with ok
1 verbose cli [ '/usr/local/bin/node',
1 verbose cli   '/usr/local/bin/npm',
1 verbose cli   'install',
1 verbose cli   '--save',
1 verbose cli   'express@4.10.2' ]
2 info using npm@1.4.28
3 info using node@v0.13.0-pre
4 warn package.json socket-chat-example@0.0.1 No repository field.
5 warn package.json socket-chat-example@0.0.1 No README data
6 verbose readDependencies using package.json deps
7 verbose cache add [ 'express@4.10.2', null ]
8 verbose cache add name=undefined spec="express@4.10.2" args=["express@4.10.2",null]
9 verbose parsed url { protocol: null,
9 verbose parsed url   slashes: null,
9 verbose parsed url   auth: null,
9 verbose parsed url   host: null,
9 verbose parsed url   port: null,
9 verbose parsed url   hostname: null,
9 verbose parsed url   hash: null,
9 verbose parsed url   search: null,
9 verbose parsed url   query: null,
9 verbose parsed url   pathname: 'express@4.10.2',
9 verbose parsed url   path: 'express@4.10.2',
9 verbose parsed url   href: 'express@4.10.2' }
10 verbose cache add name="express" spec="4.10.2" args=["express","4.10.2"]
11 verbose parsed url { protocol: null,
11 verbose parsed url   slashes: null,
11 verbose parsed url   auth: null,
11 verbose parsed url   host: null,
11 verbose parsed url   port: null,
11 verbose parsed url   hostname: null,
11 verbose parsed url   hash: null,
11 verbose parsed url   search: null,
11 verbose parsed url   query: null,
11 verbose parsed url   pathname: '4.10.2',
11 verbose parsed url   path: '4.10.2',
11 verbose parsed url   href: '4.10.2' }
12 verbose addNamed [ 'express', '4.10.2' ]
13 verbose addNamed [ '4.10.2', '4.10.2' ]
14 silly lockFile 787e98b4-express-4-10-2 express@4.10.2
15 verbose lock express@4.10.2 /home/vishal/.npm/787e98b4-express-4-10-2.lock
16 verbose request where is /express
17 verbose request registry https://registry.npmjs.org/
18 verbose request id 53f7e090d9b021d4
19 verbose url raw /express
20 verbose url resolving [ 'https://registry.npmjs.org/', './express' ]
21 verbose url resolved https://registry.npmjs.org/express
22 verbose request where is https://registry.npmjs.org/express
23 info trying registry request attempt 1 at 17:36:16
24 verbose etag "7QCV70PQ882SMQTHJ8748DXEV"
25 http GET https://registry.npmjs.org/express
26 http 304 https://registry.npmjs.org/express
27 silly registry.get cb [ 304,
27 silly registry.get   { date: 'Sat, 13 Dec 2014 12:06:17 GMT',
27 silly registry.get     server: 'Apache',
27 silly registry.get     via: '1.1 varnish',
27 silly registry.get     'last-modified': 'Sat, 13 Dec 2014 12:06:17 GMT',
27 silly registry.get     'cache-control': 'max-age=60',
27 silly registry.get     etag: '"7QCV70PQ882SMQTHJ8748DXEV"',
27 silly registry.get     age: '0',
27 silly registry.get     'x-served-by': 'cache-lax1428-LAX',
27 silly registry.get     'x-cache': 'HIT',
27 silly registry.get     'x-cache-hits': '1',
27 silly registry.get     'x-timer': 'S1418472377.438863,VS0,VE1',
27 silly registry.get     vary: 'Accept',
27 silly registry.get     'content-length': '0',
27 silly registry.get     connection: 'close' } ]
28 verbose etag https://registry.npmjs.org/express from cache
29 silly lockFile d0bb09e8-s-org-express-express-4-10-2-tgz https://registry.npmjs.org/express/-/express-4.10.2.tgz
30 verbose lock https://registry.npmjs.org/express/-/express-4.10.2.tgz /home/vishal/.npm/d0bb09e8-s-org-express-express-4-10-2-tgz.lock
31 verbose addRemoteTarball [ 'https://registry.npmjs.org/express/-/express-4.10.2.tgz',
31 verbose addRemoteTarball   'df06dde94d968932829d440a2004c5efe64495b0' ]
32 info retry fetch attempt 1 at 17:36:17
33 verbose fetch to= /tmp/npm-480-QQrj9zFA/registry.npmjs.org/express/-/express-4.10.2.tgz
34 http GET https://registry.npmjs.org/express/-/express-4.10.2.tgz
35 http 200 https://registry.npmjs.org/express/-/express-4.10.2.tgz
36 silly lockFile d0bb09e8-s-org-express-express-4-10-2-tgz https://registry.npmjs.org/express/-/express-4.10.2.tgz
37 silly lockFile d0bb09e8-s-org-express-express-4-10-2-tgz https://registry.npmjs.org/express/-/express-4.10.2.tgz
38 silly lockFile 787e98b4-express-4-10-2 express@4.10.2
39 silly lockFile 787e98b4-express-4-10-2 express@4.10.2
40 error Error: EACCES, mkdir '/home/vishal/.npm/express/4.10.2'
40 error     at Error (native)
40 error  { [Error: EACCES, mkdir '/home/vishal/.npm/express/4.10.2']
40 error   stack: 'Error: EACCES, mkdir \'/home/vishal/.npm/express/4.10.2\'\n    at Error (native)',
40 error   errno: -13,
40 error   code: 'EACCES',
40 error   path: '/home/vishal/.npm/express/4.10.2',
40 error   parent: 'socket-chat-example' }
41 error Please try running this command again as root/Administrator.
42 error System Linux 3.2.0-70-generic
43 error command "/usr/local/bin/node" "/usr/local/bin/npm" "install" "--save" "express@4.10.2"
44 error cwd /home/vishal/Coding/chat_example
45 error node -v v0.13.0-pre
46 error npm -v 1.4.28
47 error path /home/vishal/.npm/express/4.10.2
48 error code EACCES
49 error errno -13
50 error stack Error: EACCES, mkdir '/home/vishal/.npm/express/4.10.2'
50 error stack     at Error (native)
51 verbose exit [ -13, true ]
